make.exe all --print-data-base --no-builtin-variables --no-builtin-rules --question
# GNU Make 3.81
# Copyright (C) 2006  Free Software Foundation, Inc.
# This is free software; see the source for copying conditions.
# There is NO warranty; not even for MERCHANTABILITY or FITNESS FOR A
# PARTICULAR PURPOSE.

# This program built for i386-pc-mingw32
 

# Make data base, printed on Sun Jul 24 01:31:44 2022

# Variables

# automatic
<D = $(patsubst %/,%,$(dir $<))
# automatic
?F = $(notdir $?)
# makefile
MAKEFLAGS = Rrqp
# automatic
?D = $(patsubst %/,%,$(dir $?))
# automatic
@D = $(patsubst %/,%,$(dir $@))
# environment
HOMEDRIVE = C:
# automatic
@F = $(notdir $@)
# automatic
^D = $(patsubst %/,%,$(dir $^))
# makefile
CURDIR := d:/MCU/STM32F103_Project
# default
SHELL := sh.exe
# environment
UGII_BASE_DIR = C:\Program Files\Siemens\NX 10.0
# environment
UGII_ROOT_DIR = C:\Program Files\Siemens\NX 10.0\UGII\
# environment
WINDIR = C:\WINDOWS
# environment
VSCODE_NLS_CONFIG = {"locale":"en-us","availableLanguages":{},"_languagePackSupport":true}
# environment
ONEDRIVE = C:\Users\Administrator\OneDrive
# environment
PATHEXT = .COM;.EXE;.BAT;.CMD;.VBS;.VBE;.JS;.JSE;.WSF;.WSH;.MSC
# makefile
MAKEFILE_LIST := 
# environment
FPS_BROWSER_USER_PROFILE_STRING = Default
# environment
TMP = C:\Users\nghia\AppData\Local\Temp
# environment
PROGRAMW6432 = C:\Program Files
# environment
PROGRAMDATA = C:\ProgramData
# environment
VSCODE_CWD = C:\Users\nghia\AppData\Local\Programs\Microsoft VS Code
# environment
PATH = C:\WINDOWS\system32;C:\WINDOWS;C:\WINDOWS\System32\Wbem;C:\WINDOWS\System32\WindowsPowerShell\v1.0\;C:\WINDOWS\System32\OpenSSH\;C:\Program Files\Git\cmd;C:\Program Files\MATLAB\R2014b\runtime\win64;C:\Program Files\MATLAB\R2014b\bin;C:\Program Files\Siemens\PLMLicenseServer;C:\Program Files\tup;C:\Program Files\OpenOCD\bin;C:\Program Files (x86)\GnuWin32\bin;C:\Program Files (x86)\STMicroelectronics\STM32 ST-LINK Utility\ST-LINK Utility;C:\Program Files (x86)\GNU Tools Arm Embedded\7 2018-q2-update\bin;C:\Users\nghia\AppData\Local\Programs\Python\Python310\Scripts\;C:\Users\nghia\AppData\Local\Programs\Python\Python310\;C:\Users\nghia\AppData\Local\Microsoft\WindowsApps;C:\Users\nghia\AppData\Local\Programs\Microsoft VS Code\bin;C:\Program Files\Siemens\PLMLicenseServer;C:\Program Files\tup;C:\Program Files\OpenOCD\bin;C:\Program Files (x86)\GnuWin32\bin;
# environment
SPLM_LICENSE_SERVER = 28000@desktop-mhvmcdf
# environment
COMMONPROGRAMW6432 = C:\Program Files\Common Files
# environment
PROCESSOR_ARCHITECTURE = x86
# environment
USERPROFILE = C:\Users\nghia
# environment
ALLUSERSPROFILE = C:\ProgramData
# environment
NUMBER_OF_PROCESSORS = 4
# environment
ELECTRON_RUN_AS_NODE = 1
# default
.FEATURES := target-specific order-only second-expansion else-if archives
# automatic
%F = $(notdir $%)
# environment
CHROME_CRASHPAD_PIPE_NAME = \\.\pipe\crashpad_4336_XUOWZFFLVHYJKFKH
# environment
COMPUTERNAME = DESKTOP-MHVMCDF
# environment
PROGRAMFILES = C:\Program Files (x86)
# environment
DRIVERDATA = C:\Windows\System32\Drivers\DriverData
# environment
ORIGINAL_XDG_CURRENT_DESKTOP = undefined
# environment
USERNAME = nghia
# environment
PUBLIC = C:\Users\Public
# environment
VSCODE_AMD_ENTRYPOINT = vs/workbench/api/node/extensionHostProcess
# environment
VSCODE_CODE_CACHE_PATH = C:\Users\nghia\AppData\Roaming\Code\CachedData\3b889b090b5ad5793f524b5d1d39fda662b96a2a
# environment
APPLICATION_INSIGHTS_NO_DIAGNOSTIC_CHANNEL = 1
# environment
COMMONPROGRAMFILES = C:\Program Files (x86)\Common Files
# environment
LOGONSERVER = \\DESKTOP-MHVMCDF
# environment
VSCODE_HANDLES_UNCAUGHT_ERRORS = true
# environment
USERDOMAIN = DESKTOP-MHVMCDF
# default
MAKE = $(MAKE_COMMAND)
# default
MAKECMDGOALS := all
# environment
UGII_LANG = english
# default
MAKE_VERSION := 3.81
# makefile
.DEFAULT_GOAL := 
# environment
ACTEL_FOR_ALTIUM_OVERRIDE = $(subst ,, )
# environment
PROGRAMFILES(X86) = C:\Program Files (x86)
# automatic
%D = $(patsubst %/,%,$(dir $%))
# environment
LOCALAPPDATA = C:\Users\nghia\AppData\Local
# environment
PSMODULEPATH = C:\Program Files\WindowsPowerShell\Modules;C:\WINDOWS\system32\WindowsPowerShell\v1.0\Modules
# default
MAKE_COMMAND := make.exe
# environment
PROCESSOR_ARCHITEW6432 = AMD64
# default
.VARIABLES := 
# environment
ALTERA_FOR_ALTIUM_OVERRIDE = $(subst ,, )
# automatic
*F = $(notdir $*)
# environment
PROCESSOR_IDENTIFIER = Intel64 Family 6 Model 69 Stepping 1, GenuineIntel
# environment
OS = Windows_NT
# environment
VSCODE_IPC_HOOK = \\.\pipe\ea721be0fa185bbd9aa400cd5719b88b-1.69.2-main-sock
# environment
HOMEPATH = \Users\nghia
# environment
COMMONPROGRAMFILES(X86) = C:\Program Files (x86)\Common Files
# environment
PROMPT = $P$G
# environment
MFLAGS = -Rrqp
# automatic
*D = $(patsubst %/,%,$(dir $*))
# environment
SYSTEMROOT = C:\WINDOWS
# automatic
+D = $(patsubst %/,%,$(dir $+))
# automatic
+F = $(notdir $+)
# environment
APPDATA = C:\Users\nghia\AppData\Roaming
# environment
TEMP = C:\Users\nghia\AppData\Local\Temp
# environment
COMSPEC = C:\WINDOWS\system32\cmd.exe
# default
MAKEFILES := 
# automatic
<F = $(notdir $<)
# environment
LC_ALL = C
# automatic
^F = $(notdir $^)
# default
SUFFIXES := 
# environment
SYSTEMDRIVE = C:
# environment
SESSIONNAME = Console
# environment
PROCESSOR_REVISION = 4501
# environment
MOZ_PLUGIN_PATH = C:\Program Files (x86)\Foxit Software\Foxit Reader\plugins\
# environment
MAKELEVEL := 0
# environment
LANG = C
# environment
PROCESSOR_LEVEL = 6
# environment
FPS_BROWSER_APP_PROFILE_STRING = Internet Explorer
# environment
VSCODE_PID = 4336
# environment
USERDOMAIN_ROAMINGPROFILE = DESKTOP-MHVMCDF
# variable set hash-table stats:
# Load=90/1024=9%, Rehash=0, Collisions=10/107=9%

# Pattern-specific Variable Values

# No pattern-specific variable values.

# Directories

# C:\Program Files\Siemens\PLMLicenseServer (key C:/Program Files/Siemens/PLMLicenseServer, mtime 1658593804): 14 files, no impossibilities.
# C:\Program Files\OpenOCD\bin (key C:/Program Files/OpenOCD/bin, mtime 1637274187): 7 files, no impossibilities.
# C:\WINDOWS\System32\WindowsPowerShell\v1.0\ (key C:/WINDOWS/System32/WindowsPowerShell/v1.0/, mtime 1657554964): 30 files, no impossibilities.
# C:\WINDOWS\System32\Wbem (key C:/WINDOWS/System32/Wbem, mtime 1657554964): 170 files, no impossibilities.
# . (key d:/MCU/STM32F103_Project, mtime 1658594605): 18 files, no impossibilities.
# C:\Users\nghia\AppData\Local\Microsoft\WindowsApps (key C:/Users/nghia/AppData/Local/Microsoft/WindowsApps, mtime 1658327443): 11 files, no impossibilities.
# C:\Program Files (x86)\STMicroelectronics\STM32 ST-LINK Utility\ST-LINK Utility (key C:/Program Files (x86)/STMicroelectronics/STM32 ST-LINK Utility/ST-LINK Utility, mtime 1657647277): 11 files, no impossibilities.
# C:\Program Files\tup (key C:/Program Files/tup, mtime 1657376448): 8 files, no impossibilities.
# C:\Program Files\MATLAB\R2014b\runtime\win64 (key C:/Program Files/MATLAB/R2014b/runtime/win64, mtime 1657368170): 7 files, no impossibilities.
# C:\WINDOWS\System32\OpenSSH\: could not be stat'd.
# C:\WINDOWS (key C:/WINDOWS, mtime 1657810608): 117 files, no impossibilities.
# C:\Users\nghia\AppData\Local\Programs\Python\Python310\ (key C:/Users/nghia/AppData/Local/Programs/Python/Python310/, mtime 1657368535): 19 files, no impossibilities.
# C:\Users\nghia\AppData\Local\Programs\Python\Python310\Scripts\ (key C:/Users/nghia/AppData/Local/Programs/Python/Python310/Scripts/, mtime 1657368541): 15 files, no impossibilities.
# C:\Program Files\Git\cmd (key C:/Program Files/Git/cmd, mtime 1657349290): 8 files, no impossibilities.
# C:\WINDOWS\system32 (key C:/WINDOWS/system32, mtime 1658594238): 2878 files, no impossibilities.
# C:\Users\nghia\AppData\Local\Programs\Microsoft VS Code\bin (key C:/Users/nghia/AppData/Local/Programs/Microsoft VS Code/bin, mtime 1658244978): 4 files, no impossibilities.
# C:\Program Files (x86)\GNU Tools Arm Embedded\7 2018-q2-update\bin (key C:/Program Files (x86)/GNU Tools Arm Embedded/7 2018-q2-update/bin, mtime 1657649905): 32 files, no impossibilities.
# C:\Program Files (x86)\GnuWin32\bin (key C:/Program Files (x86)/GnuWin32/bin, mtime 1657641794): 5 files, no impossibilities.
# C:\Program Files\MATLAB\R2014b\bin (key C:/Program Files/MATLAB/R2014b/bin, mtime 1657368744): 22 files, no impossibilities.

# 3376 files, no impossibilities in 19 directories.

# Implicit Rules

# No implicit rules.

# Files

# Not a target:
all:
#  Command-line target.
#  Implicit rule search has been done.
#  File does not exist.
#  File has not been updated.
# variable set hash-table stats:
# Load=0/32=0%, Rehash=0, Collisions=0/0=0%

# Not a target:
.DEFAULT:
#  Implicit rule search has not been done.
#  Modification time never checked.
#  File has not been updated.

# Not a target:
makefile:
#  A default, MAKEFILES, or -include/sinclude makefile.
#  Implicit rule search has been done.
#  File does not exist.
#  File has been updated.
#  Failed to be updated.
# variable set hash-table stats:
# Load=0/32=0%, Rehash=0, Collisions=0/0=0%

# Not a target:
.SUFFIXES:
#  Implicit rule search has not been done.
#  Modification time never checked.
#  File has not been updated.

# Not a target:
GNUmakefile:
#  A default, MAKEFILES, or -include/sinclude makefile.
#  Implicit rule search has been done.
#  File does not exist.
#  File has been updated.
#  Failed to be updated.
# variable set hash-table stats:
# Load=0/32=0%, Rehash=0, Collisions=0/0=0%

# files hash-table stats:
# Load=5/1024=0%, Rehash=0, Collisions=0/16=0%
# VPATH Search Paths

# No `vpath' search paths.

# No general (`VPATH' variable) search path.

# # of strings in strcache: 0
# # of strcache buffers: 0
# strcache size: total = 0 / max = 0 / min = 4096 / avg = 0
# strcache free: total = 0 / max = 0 / min = 4096 / avg = 0

# Finished Make data base on Sun Jul 24 01:31:44 2022

 
make.exe: *** No rule to make target `all'.  Stop.

