2022-07-19 22:48:04,675 [INFO] Activator:177 - 


2022-07-19 22:48:04,681 [INFO] Activator:178 - !SESSION log4j initialized
2022-07-19 22:49:38,935 [ERROR] LogOutputStream:74 - [STDERR_REDIRECT] SLF4J: Failed to load class "org.slf4j.impl.StaticLoggerBinder".
2022-07-19 22:49:38,936 [ERROR] LogOutputStream:74 - [STDERR_REDIRECT] SLF4J: Defaulting to no-operation (NOP) logger implementation
2022-07-19 22:49:38,939 [ERROR] LogOutputStream:74 - [STDERR_REDIRECT] SLF4J: See http://www.slf4j.org/codes.html#StaticLoggerBinder for further details.
2022-07-23 00:53:26,265 [INFO] Activator:177 - 


2022-07-23 00:53:26,266 [INFO] Activator:178 - !SESSION log4j initialized
2022-07-23 00:54:04,345 [ERROR] LogOutputStream:74 - [STDERR_REDIRECT] SLF4J: Failed to load class "org.slf4j.impl.StaticLoggerBinder".
2022-07-23 00:54:04,347 [ERROR] LogOutputStream:74 - [STDERR_REDIRECT] SLF4J: Defaulting to no-operation (NOP) logger implementation
2022-07-23 00:54:04,351 [ERROR] LogOutputStream:74 - [STDERR_REDIRECT] SLF4J: See http://www.slf4j.org/codes.html#StaticLoggerBinder for further details.
2022-07-23 01:15:28,538 [INFO] McuFinderGlobals:44 - Set McuFinder mode to 2 (CubeIDE integrated)
2022-07-23 01:15:30,139 [INFO] ApplicationProperties:181 - Using Application install path: C:\ST\STM32CubeIDE_1.10.1\STM32CubeIDE\plugins\com.st.stm32cube.common.mx_6.6.1.202207061420
2022-07-23 01:15:30,163 [INFO] DbMcusXml:77 - Set database path to: C:\ST\STM32CubeIDE_1.10.1\STM32CubeIDE\plugins\com.st.stm32cube.common.mx_6.6.1.202207061420\\db\/mcu/
2022-07-23 01:15:30,164 [INFO] ApiDb:269 - Set plugin database path to: C:\ST\STM32CubeIDE_1.10.1\STM32CubeIDE\plugins\com.st.stm32cube.common.mx_6.6.1.202207061420\\db\/plugins/boardmanager/
2022-07-23 01:15:30,167 [WARN] ApiDb:254 - Overriding images path with different value:  => C:\ST\STM32CubeIDE_1.10.1\STM32CubeIDE\plugins\com.st.stm32cube.common.mx_6.6.1.202207061420\\db\/plugins/mcufinder/images/
2022-07-23 01:15:30,199 [INFO] ApiDb:249 - Set database path to: C:\Users\nghia\.stmcufinder\plugins\mcufinder//mcu/
2022-07-23 01:15:30,202 [INFO] DbMcusAds:124 - Set database path to: C:\Users\nghia\.stmcufinder\plugins\mcufinder//mcu/
2022-07-23 01:15:31,256 [INFO] CrossReferenceDbSqlite:201 - Set database path to: C:\Users\nghia\.stmcufinder\plugins\mcufinder//mcu/cs/
2022-07-23 01:15:31,441 [INFO] RulesReader:61 - Compatibility file has been processed (282 Rules)
2022-07-23 01:15:31,575 [INFO] DbMcusXml:77 - Set database path to: C:\ST\STM32CubeIDE_1.10.1\STM32CubeIDE\plugins\com.st.stm32cube.common.mx_6.6.1.202207061420\\db\/mcu/
2022-07-23 01:15:31,576 [INFO] ApiDb:269 - Set plugin database path to: C:\ST\STM32CubeIDE_1.10.1\STM32CubeIDE\plugins\com.st.stm32cube.common.mx_6.6.1.202207061420\\db\/plugins/boardmanager/
2022-07-23 01:15:31,576 [INFO] ApiDb:256 - Set plugin images path to: C:\ST\STM32CubeIDE_1.10.1\STM32CubeIDE\plugins\com.st.stm32cube.common.mx_6.6.1.202207061420\\db\/plugins/mcufinder/images/
2022-07-23 01:15:31,577 [WARN] DbFile:40 - Overriding database path with different value: C:\Users\nghia\.stmcufinder\plugins\mcufinder/ => C:\Users\nghia\.stmcufinder\plugins\mcufinder
2022-07-23 01:15:31,578 [INFO] ApiDb:249 - Set database path to: C:\Users\nghia\.stmcufinder\plugins\mcufinder//mcu/
2022-07-23 01:15:31,578 [WARN] DbFile:40 - Overriding database path with different value: C:\Users\nghia\.stmcufinder\plugins\mcufinder/ => C:\Users\nghia\.stmcufinder\plugins\mcufinder
2022-07-23 01:15:31,579 [INFO] DbMcusAds:124 - Set database path to: C:\Users\nghia\.stmcufinder\plugins\mcufinder//mcu/
2022-07-23 01:15:31,580 [WARN] DbFile:40 - Overriding database path with different value: C:\Users\nghia\.stmcufinder\plugins\mcufinder/ => C:\Users\nghia\.stmcufinder\plugins\mcufinder
2022-07-23 01:15:31,581 [WARN] DbFile:40 - Overriding database path with different value: C:\Users\nghia\.stmcufinder\plugins\mcufinder/ => C:\Users\nghia\.stmcufinder\plugins\mcufinder
2022-07-23 01:15:32,260 [INFO] CrossReferenceDbSqlite:201 - Set database path to: C:\Users\nghia\.stmcufinder\plugins\mcufinder//mcu/cs/
2022-07-23 01:15:32,380 [INFO] MainPanel:242 - HeapMemory: 440401920
2022-07-23 01:15:32,523 [INFO] DbMcusXml:77 - Set database path to: C:\ST\STM32CubeIDE_1.10.1\STM32CubeIDE\plugins\com.st.stm32cube.common.mx_6.6.1.202207061420\\db\/mcu/
2022-07-23 01:15:32,524 [INFO] ApiDb:269 - Set plugin database path to: C:\ST\STM32CubeIDE_1.10.1\STM32CubeIDE\plugins\com.st.stm32cube.common.mx_6.6.1.202207061420\\db\/plugins/boardmanager/
2022-07-23 01:15:32,524 [INFO] ApiDb:256 - Set plugin images path to: C:\ST\STM32CubeIDE_1.10.1\STM32CubeIDE\plugins\com.st.stm32cube.common.mx_6.6.1.202207061420\\db\/plugins/mcufinder/images/
2022-07-23 01:15:32,525 [WARN] DbFile:40 - Overriding database path with different value: C:\Users\nghia\.stmcufinder\plugins\mcufinder/ => C:\Users\nghia\.stmcufinder\plugins\mcufinder
2022-07-23 01:15:32,525 [INFO] ApiDb:249 - Set database path to: C:\Users\nghia\.stmcufinder\plugins\mcufinder//mcu/
2022-07-23 01:15:32,526 [WARN] DbFile:40 - Overriding database path with different value: C:\Users\nghia\.stmcufinder\plugins\mcufinder/ => C:\Users\nghia\.stmcufinder\plugins\mcufinder
2022-07-23 01:15:32,526 [INFO] DbMcusAds:124 - Set database path to: C:\Users\nghia\.stmcufinder\plugins\mcufinder//mcu/
2022-07-23 01:15:32,526 [WARN] DbFile:40 - Overriding database path with different value: C:\Users\nghia\.stmcufinder\plugins\mcufinder/ => C:\Users\nghia\.stmcufinder\plugins\mcufinder
2022-07-23 01:15:32,526 [WARN] DbFile:40 - Overriding database path with different value: C:\Users\nghia\.stmcufinder\plugins\mcufinder/ => C:\Users\nghia\.stmcufinder\plugins\mcufinder
2022-07-23 01:15:33,245 [INFO] CrossReferenceDbSqlite:201 - Set database path to: C:\Users\nghia\.stmcufinder\plugins\mcufinder//mcu/cs/
2022-07-23 01:15:33,275 [INFO] ApplicationProperties:181 - Using Application install path: C:\ST\STM32CubeIDE_1.10.1\STM32CubeIDE\plugins\com.st.stm32cube.common.mx_6.6.1.202207061420
2022-07-23 01:15:33,277 [INFO] PluginManage:193 - Search for loadable plugins [exclusion list=, ]
2022-07-23 01:15:33,279 [INFO] PluginManage:307 - Check plugin analytics
2022-07-23 01:15:34,357 [INFO] AnalyticsPlugin:262 - Accepted Software Licenses: STM32CubeMX.6.6.1
2022-07-23 01:15:34,358 [INFO] AnalyticsPlugin:264 - Accepted CMSIS Pack Licenses: 
2022-07-23 01:15:34,359 [INFO] AnalyticsPlugin:266 - Accepted Firmware Licenses: FW.F4.1.27.0
2022-07-23 01:15:34,367 [INFO] PluginManage:356 - Loaded plugin analytics (category:tool,tabindex:-1)
2022-07-23 01:15:34,368 [INFO] PluginManage:307 - Check plugin cadmodel
2022-07-23 01:15:34,397 [INFO] CADModel:65 - Init CAD model plugin
2022-07-23 01:15:34,398 [INFO] PluginManage:356 - Loaded plugin cadmodel (category:power,tabindex:5)
2022-07-23 01:15:34,399 [INFO] PluginManage:307 - Check plugin clock
2022-07-23 01:15:34,428 [INFO] PluginManage:356 - Loaded plugin clock (category:base,tabindex:2)
2022-07-23 01:15:34,429 [INFO] PluginManage:307 - Check plugin ddr
2022-07-23 01:15:34,434 [INFO] PluginManage:356 - Loaded plugin ddr (category:tool,tabindex:6)
2022-07-23 01:15:34,435 [INFO] PluginManage:307 - Check plugin filemanager
2022-07-23 01:15:34,650 [INFO] PluginManage:356 - Loaded plugin filemanager (category:base,tabindex:10)
2022-07-23 01:15:34,650 [INFO] PluginManage:307 - Check plugin ipmanager
2022-07-23 01:15:34,663 [INFO] PluginManage:356 - Loaded plugin ipmanager (category:base,tabindex:5)
2022-07-23 01:15:34,663 [INFO] PluginManage:307 - Check plugin lpbam
2022-07-23 01:15:34,689 [INFO] PluginManage:356 - Loaded plugin lpbam (category:base,tabindex:0)
2022-07-23 01:15:34,689 [INFO] PluginManage:307 - Check plugin pinoutandconfiguration
2022-07-23 01:15:34,711 [INFO] PluginManage:356 - Loaded plugin pinoutandconfiguration (category:base,tabindex:1)
2022-07-23 01:15:34,711 [INFO] PluginManage:307 - Check plugin pinoutconfig
2022-07-23 01:15:34,768 [INFO] PluginManage:356 - Loaded plugin pinoutconfig (category:base,tabindex:0)
2022-07-23 01:15:34,769 [INFO] PluginManage:307 - Check plugin power
2022-07-23 01:15:34,800 [INFO] PluginManage:356 - Loaded plugin power (category:power,tabindex:4)
2022-07-23 01:15:34,801 [INFO] PluginManage:307 - Check plugin projectmanager
2022-07-23 01:15:34,827 [INFO] PluginManage:356 - Loaded plugin projectmanager (category:projectmanager,tabindex:3)
2022-07-23 01:15:34,828 [INFO] PluginManage:307 - Check plugin thirdparty
2022-07-23 01:15:35,156 [WARN] IntegrityCheckThread:82 - waiting for thirdparty lock release [integrity check]
2022-07-23 01:15:35,157 [INFO] PluginManage:356 - Loaded plugin thirdparty (category:base,tabindex:-1)
2022-07-23 01:15:35,157 [INFO] IntegrityCheckThread:84 - entering critical section [integrity check]
2022-07-23 01:15:35,158 [INFO] PluginManage:307 - Check plugin tools
2022-07-23 01:15:35,161 [INFO] ThirdPartyUpdaterWithRetryManager:70 - Updater plugin not ready yet. [1/15]
2022-07-23 01:15:35,188 [INFO] PluginManage:356 - Loaded plugin tools (category:base,tabindex:7)
2022-07-23 01:15:35,189 [INFO] PluginManage:307 - Check plugin tutovideos
2022-07-23 01:15:35,539 [INFO] PluginManage:356 - Loaded plugin tutovideos (category:base,tabindex:-1)
2022-07-23 01:15:35,539 [INFO] PluginManage:307 - Check plugin updater
2022-07-23 01:15:35,567 [INFO] PluginManage:356 - Loaded plugin updater (category:base,tabindex:12)
2022-07-23 01:15:35,568 [INFO] PluginManage:280 - PluginManage : Loaded plugins [15]
2022-07-23 01:15:36,045 [INFO] PinOutPanel:1468 - setPackage(No Configuration,No Configuration)
2022-07-23 01:15:36,183 [INFO] CADModel:98 - CPN selected for project level
2022-07-23 01:15:36,224 [INFO] IPUIPlugin:79 - create IPUIPlugin
2022-07-23 01:15:36,225 [INFO] PluginManager:217 - loadIPPluginJar : add adc
2022-07-23 01:15:36,280 [INFO] IPUIPlugin:79 - create IPUIPlugin
2022-07-23 01:15:36,280 [INFO] PluginManager:217 - loadIPPluginJar : add aes
2022-07-23 01:15:36,337 [INFO] IPUIPlugin:79 - create IPUIPlugin
2022-07-23 01:15:36,337 [INFO] PluginManager:217 - loadIPPluginJar : add can
2022-07-23 01:15:36,362 [INFO] IPUIPlugin:79 - create IPUIPlugin
2022-07-23 01:15:36,362 [INFO] PluginManager:217 - loadIPPluginJar : add comp
2022-07-23 01:15:36,400 [INFO] IPUIPlugin:79 - create IPUIPlugin
2022-07-23 01:15:36,400 [INFO] PluginManager:217 - loadIPPluginJar : add cryp
2022-07-23 01:15:36,439 [INFO] IPUIPlugin:79 - create IPUIPlugin
2022-07-23 01:15:36,439 [INFO] PluginManager:217 - loadIPPluginJar : add dfsdm
2022-07-23 01:15:36,457 [INFO] IPUIPlugin:79 - create IPUIPlugin
2022-07-23 01:15:36,458 [INFO] PluginManager:217 - loadIPPluginJar : add dma
2022-07-23 01:15:36,500 [INFO] IPUIPlugin:79 - create IPUIPlugin
2022-07-23 01:15:36,500 [INFO] PluginManager:217 - loadIPPluginJar : add dma3
2022-07-23 01:15:36,519 [INFO] IPUIPlugin:79 - create IPUIPlugin
2022-07-23 01:15:36,519 [INFO] PluginManager:217 - loadIPPluginJar : add fatfs
2022-07-23 01:15:36,570 [INFO] IPUIPlugin:79 - create IPUIPlugin
2022-07-23 01:15:36,571 [INFO] PluginManager:217 - loadIPPluginJar : add fmc
2022-07-23 01:15:36,599 [INFO] IPUIPlugin:79 - create IPUIPlugin
2022-07-23 01:15:36,600 [INFO] PluginManager:217 - loadIPPluginJar : add freertos
2022-07-23 01:15:36,629 [INFO] IPUIPlugin:79 - create IPUIPlugin
2022-07-23 01:15:36,630 [INFO] PluginManager:217 - loadIPPluginJar : add genericplugin
2022-07-23 01:15:36,749 [INFO] IPUIPlugin:79 - create IPUIPlugin
2022-07-23 01:15:36,750 [INFO] PluginManager:217 - loadIPPluginJar : add gfxmmu
2022-07-23 01:15:36,882 [INFO] IPUIPlugin:79 - create IPUIPlugin
2022-07-23 01:15:36,882 [INFO] PluginManager:217 - loadIPPluginJar : add gic
2022-07-23 01:15:36,897 [INFO] IPUIPlugin:79 - create IPUIPlugin
2022-07-23 01:15:36,897 [INFO] PluginManager:217 - loadIPPluginJar : add gpio
2022-07-23 01:15:36,988 [INFO] IPUIPlugin:79 - create IPUIPlugin
2022-07-23 01:15:36,988 [INFO] PluginManager:217 - loadIPPluginJar : add gtzc
2022-07-23 01:15:37,022 [INFO] IPUIPlugin:79 - create IPUIPlugin
2022-07-23 01:15:37,023 [INFO] PluginManager:217 - loadIPPluginJar : add hash
2022-07-23 01:15:37,080 [INFO] IPUIPlugin:79 - create IPUIPlugin
2022-07-23 01:15:37,080 [INFO] PluginManager:217 - loadIPPluginJar : add i2c
2022-07-23 01:15:37,130 [INFO] IPUIPlugin:79 - create IPUIPlugin
2022-07-23 01:15:37,131 [INFO] PluginManager:217 - loadIPPluginJar : add i2s
2022-07-23 01:15:37,294 [INFO] IPUIPlugin:79 - create IPUIPlugin
2022-07-23 01:15:37,295 [INFO] PluginManager:217 - loadIPPluginJar : add ipddr
2022-07-23 01:15:37,405 [INFO] IPUIPlugin:79 - create IPUIPlugin
2022-07-23 01:15:37,406 [INFO] PluginManager:217 - loadIPPluginJar : add linkedlist
2022-07-23 01:15:37,440 [INFO] IPUIPlugin:79 - create IPUIPlugin
2022-07-23 01:15:37,440 [INFO] PluginManager:217 - loadIPPluginJar : add lorawan
2022-07-23 01:15:37,475 [INFO] IPUIPlugin:79 - create IPUIPlugin
2022-07-23 01:15:37,476 [INFO] PluginManager:217 - loadIPPluginJar : add ltdc
2022-07-23 01:15:37,492 [INFO] IPUIPlugin:79 - create IPUIPlugin
2022-07-23 01:15:37,492 [INFO] PluginManager:217 - loadIPPluginJar : add mdma
2022-07-23 01:15:37,508 [INFO] IPUIPlugin:79 - create IPUIPlugin
2022-07-23 01:15:37,508 [INFO] PluginManager:217 - loadIPPluginJar : add nvic
2022-07-23 01:15:37,543 [INFO] IPUIPlugin:79 - create IPUIPlugin
2022-07-23 01:15:37,543 [INFO] PluginManager:217 - loadIPPluginJar : add opamp
2022-07-23 01:15:37,601 [INFO] IPUIPlugin:79 - create IPUIPlugin
2022-07-23 01:15:37,601 [INFO] PluginManager:217 - loadIPPluginJar : add openamp
2022-07-23 01:15:37,642 [INFO] IPUIPlugin:79 - create IPUIPlugin
2022-07-23 01:15:37,643 [INFO] PluginManager:217 - loadIPPluginJar : add pdm2pcm
2022-07-23 01:15:37,661 [INFO] IPUIPlugin:79 - create IPUIPlugin
2022-07-23 01:15:37,665 [INFO] PluginManager:217 - loadIPPluginJar : add plateformsettings
2022-07-23 01:15:37,686 [INFO] IPUIPlugin:79 - create IPUIPlugin
2022-07-23 01:15:37,686 [INFO] PluginManager:217 - loadIPPluginJar : add quadspi
2022-07-23 01:15:37,700 [INFO] IPUIPlugin:79 - create IPUIPlugin
2022-07-23 01:15:37,700 [INFO] PluginManager:217 - loadIPPluginJar : add resmgrutility
2022-07-23 01:15:37,750 [INFO] IPUIPlugin:79 - create IPUIPlugin
2022-07-23 01:15:37,750 [INFO] PluginManager:217 - loadIPPluginJar : add sai
2022-07-23 01:15:37,786 [INFO] IPUIPlugin:79 - create IPUIPlugin
2022-07-23 01:15:37,786 [INFO] PluginManager:217 - loadIPPluginJar : add spi
2022-07-23 01:15:37,842 [INFO] IPUIPlugin:79 - create IPUIPlugin
2022-07-23 01:15:37,842 [INFO] PluginManager:217 - loadIPPluginJar : add stm32_wpan
2022-07-23 01:15:37,864 [INFO] IPUIPlugin:79 - create IPUIPlugin
2022-07-23 01:15:37,865 [INFO] PluginManager:217 - loadIPPluginJar : add tim
2022-07-23 01:15:37,922 [INFO] IPUIPlugin:79 - create IPUIPlugin
2022-07-23 01:15:37,923 [INFO] PluginManager:217 - loadIPPluginJar : add touchsensing
2022-07-23 01:15:37,947 [INFO] IPUIPlugin:79 - create IPUIPlugin
2022-07-23 01:15:37,948 [INFO] PluginManager:217 - loadIPPluginJar : add tracer_emb
2022-07-23 01:15:37,971 [INFO] IPUIPlugin:79 - create IPUIPlugin
2022-07-23 01:15:37,971 [INFO] PluginManager:217 - loadIPPluginJar : add ts
2022-07-23 01:15:37,990 [INFO] IPUIPlugin:79 - create IPUIPlugin
2022-07-23 01:15:37,991 [INFO] PluginManager:217 - loadIPPluginJar : add tsc
2022-07-23 01:15:38,012 [INFO] IPUIPlugin:79 - create IPUIPlugin
2022-07-23 01:15:38,012 [INFO] PluginManager:217 - loadIPPluginJar : add ucpd
2022-07-23 01:15:38,056 [INFO] IPUIPlugin:79 - create IPUIPlugin
2022-07-23 01:15:38,056 [INFO] PluginManager:217 - loadIPPluginJar : add usart
2022-07-23 01:15:38,101 [INFO] IPUIPlugin:79 - create IPUIPlugin
2022-07-23 01:15:38,101 [INFO] PluginManager:217 - loadIPPluginJar : add usbx
2022-07-23 01:15:38,168 [INFO] ThirdPartyUpdaterWithRetryManager:70 - Updater plugin not ready yet. [2/15]
2022-07-23 01:15:38,553 [FATAL] Updater:301 - Updater called before beeing initialized
2022-07-23 01:15:38,934 [FATAL] Updater:301 - Updater called before beeing initialized
2022-07-23 01:15:38,952 [INFO] DbMcusAds:52 - JSON generation date=Thu Sep 30 13:55:09 ICT 2021 (1632984909377)
2022-07-23 01:15:38,952 [FATAL] Updater:301 - Updater called before beeing initialized
2022-07-23 01:15:39,122 [WARN] DetailPanel:344 - Failed to get advertising image, set to default
2022-07-23 01:15:39,407 [FATAL] Updater:301 - Updater called before beeing initialized
2022-07-23 01:15:39,412 [FATAL] Updater:301 - Updater called before beeing initialized
2022-07-23 01:15:39,412 [FATAL] Updater:301 - Updater called before beeing initialized
2022-07-23 01:15:39,413 [WARN] DetailPanel:344 - Failed to get advertising image, set to default
2022-07-23 01:15:39,416 [FATAL] Updater:301 - Updater called before beeing initialized
2022-07-23 01:15:39,523 [ERROR] Updater:1105 - MainUpdater not yet initialized. External WinMGr cannot be set.
2022-07-23 01:15:39,534 [INFO] Updater:1041 - Updater Version found : 6.6.1
2022-07-23 01:15:39,559 [INFO] ApplicationProperties:181 - Using Application install path: C:\ST\STM32CubeIDE_1.10.1\STM32CubeIDE\plugins\com.st.stm32cube.common.mx_6.6.1.202207061420
2022-07-23 01:15:39,782 [INFO] MainUpdater:2768 - connection check result : 10
2022-07-23 01:15:39,783 [INFO] MainUpdater:3453 - Updater definition file requires update
2022-07-23 01:15:39,785 [INFO] MainUpdater:280 - Updater Check For Update Now.
2022-07-23 01:15:39,787 [INFO] MicroXplorer:481 - Change Database Version : DB.6.0.60
2022-07-23 01:15:39,861 [INFO] ServerAccessManage:474 - Download File updaters.zip
2022-07-23 01:15:39,949 [INFO] FileExtend:239 - Unzip File : updaters.zip
2022-07-23 01:15:39,949 [INFO] FileExtend:254 - Standard Zip Deflate
2022-07-23 01:15:40,672 [INFO] ServerAccessManage:474 - Download File PacksControlFlags.xml
2022-07-23 01:15:40,795 [INFO] ServerAccessManage:474 - Download File cubemx.pidx
2022-07-23 01:15:41,212 [WARN] MainUpdater:1184 - Updater busy. Cannot search thirdparties
2022-07-23 01:15:41,213 [INFO] ThirdPartyUpdaterWithRetryManager:96 - Updater plugin is busy. [1/15]
2022-07-23 01:15:41,911 [INFO] ServerAccessManage:474 - Download File STMicroelectronics.X-CUBE-BLEMGR.pdsc
2022-07-23 01:15:43,653 [WARN] PackLoader:242 - Cannot read IP mode file for STMicroelectronics.X-CUBE-BLEMGR.1.0.0
2022-07-23 01:15:43,664 [INFO] PopulateThirdPartyThread:64 - Ending populate Thread
2022-07-23 01:15:43,669 [INFO] ThirdParty:981 - CMSIS Pack Vendor :STMicroelectronics X-CUBE-BLEMGR 1.0.0
2022-07-23 01:15:43,674 [INFO] LoadServerUpdatesThread:367 - End of LoadServerUpdate Thread
2022-07-23 01:15:43,796 [INFO] CheckServerUpdateThread:119 - End of CheckServer Thread
2022-07-23 01:15:43,902 [INFO] MainUpdater:2768 - connection check result : 10
2022-07-23 01:15:43,910 [INFO] MainUpdater:2768 - connection check result : 10
2022-07-23 01:15:44,113 [INFO] MicroXplorer:451 - Change Database Path : 
2022-07-23 01:15:44,113 [INFO] MicroXplorer:481 - Change Database Version : DB.6.0.60
2022-07-23 01:15:44,113 [WARN] ThirdParty:827 - waiting for thirdparty lock release [close project]
2022-07-23 01:15:44,504 [WARN] PackLoader:242 - Cannot read IP mode file for STMicroelectronics.X-CUBE-GNSS1.6.0.0
2022-07-23 01:15:44,675 [WARN] PackLoader:242 - Cannot read IP mode file for STMicroelectronics.X-CUBE-MEMS1.9.2.0
2022-07-23 01:15:45,318 [WARN] PackLoader:242 - Cannot read IP mode file for STMicroelectronics.X-CUBE-AZRTOS-F7.1.1.0
2022-07-23 01:15:45,389 [WARN] PackLoader:242 - Cannot read IP mode file for STMicroelectronics.X-CUBE-BLE1.6.2.3
2022-07-23 01:15:45,413 [WARN] PackLoader:242 - Cannot read IP mode file for STMicroelectronics.X-CUBE-NFC4.2.0.4
2022-07-23 01:15:45,458 [WARN] PackLoader:242 - Cannot read IP mode file for STMicroelectronics.X-CUBE-TOF1.3.1.0
2022-07-23 01:15:45,639 [WARN] PackLoader:242 - Cannot read IP mode file for STMicroelectronics.X-CUBE-AZRTOS-F4.1.0.0
2022-07-23 01:15:45,681 [WARN] PackLoader:242 - Cannot read IP mode file for STMicroelectronics.X-CUBE-NFC7.1.0.0
2022-07-23 01:15:45,692 [WARN] PackLoader:242 - Cannot read IP mode file for STMicroelectronics.X-CUBE-AI.7.2.0
2022-07-23 01:15:45,718 [WARN] PackLoader:242 - Cannot read IP mode file for STMicroelectronics.X-CUBE-SFXS2LP1.4.0.0
2022-07-23 01:15:45,740 [WARN] PackLoader:242 - Cannot read IP mode file for STMicroelectronics.X-CUBE-BLE2.3.3.0
2022-07-23 01:15:45,768 [WARN] PackLoader:242 - Cannot read IP mode file for STMicroelectronics.X-CUBE-DISPLAY.2.2.0
2022-07-23 01:15:45,837 [WARN] PackLoader:242 - Cannot read IP mode file for RoweBots.I-CUBE-UNISONRTOS.5.5.0-4
2022-07-23 01:15:45,990 [WARN] PackLoader:242 - Cannot read IP mode file for STMicroelectronics.X-CUBE-AZRTOS-H7.2.1.0
2022-07-23 01:15:46,022 [WARN] PackLoader:242 - Cannot read IP mode file for STMicroelectronics.X-CUBE-BLEMGR.1.0.0
2022-07-23 01:15:46,045 [WARN] PackLoader:242 - Cannot read IP mode file for STMicroelectronics.X-CUBE-ALGOBUILD.1.3.0
2022-07-23 01:15:46,110 [WARN] PackLoader:242 - Cannot read IP mode file for STMicroelectronics.X-CUBE-AZRTOS-G0.1.1.0
2022-07-23 01:15:46,145 [WARN] PackLoader:242 - Cannot read IP mode file for STMicroelectronics.X-CUBE-SUBG2.5.0.0
2022-07-23 01:15:46,231 [WARN] PackLoader:242 - Cannot read IP mode file for SEGGER.I-CUBE-embOS.1.2.0
2022-07-23 01:15:46,294 [WARN] PackLoader:242 - Cannot read IP mode file for STMicroelectronics.FP-ATR-ASTRA1.1.1.0
2022-07-23 01:15:46,335 [WARN] PackLoader:242 - Cannot read IP mode file for STMicroelectronics.X-CUBE-AZRTOS-G4.1.0.0
2022-07-23 01:15:46,350 [WARN] PackLoader:242 - Cannot read IP mode file for wolfSSL.I-CUBE-wolfSSL.5.3.0
2022-07-23 01:15:46,384 [WARN] PackLoader:242 - Cannot read IP mode file for STMicroelectronics.X-CUBE-AZRTOS-L4.1.0.0
2022-07-23 01:15:46,406 [WARN] PackLoader:242 - Cannot read IP mode file for emotas.I-CUBE-CANOPEN.1.1.2
2022-07-23 01:15:46,420 [WARN] PackLoader:242 - Cannot read IP mode file for STMicroelectronics.X-CUBE-TOUCHGFX.4.20.0
2022-07-23 01:15:46,459 [WARN] PackLoader:242 - Cannot read IP mode file for STMicroelectronics.X-CUBE-AZRTOS-F7.1.0.0
2022-07-23 01:15:46,493 [WARN] PackLoader:242 - Cannot read IP mode file for STMicroelectronics.X-CUBE-AZRTOS-WL.1.0.0
2022-07-23 01:15:46,517 [WARN] PackLoader:242 - Cannot read IP mode file for portGmbH.I-Cube-SoM-uGOAL.1.1.0
2022-07-23 01:15:46,533 [WARN] PackLoader:242 - Cannot read IP mode file for STMicroelectronics.X-CUBE-ALS.1.0.1
2022-07-23 01:15:46,563 [WARN] PackLoader:242 - Cannot read IP mode file for STMicroelectronics.X-CUBE-AZRTOS-L5.1.0.0
2022-07-23 01:15:46,580 [WARN] PackLoader:242 - Cannot read IP mode file for STMicroelectronics.X-CUBE-EEPRMA1.3.1.1
2022-07-23 01:15:46,583 [INFO] ThirdParty:929 - Integrity check success = true
2022-07-23 01:15:46,583 [INFO] IntegrityCheckThread:98 - exiting critical section [integrity check]
2022-07-23 01:15:46,583 [INFO] ThirdParty:829 - entering critical section [close project]
2022-07-23 01:15:46,583 [INFO] IntegrityCheckThread:101 - End integrity checks thread
2022-07-23 01:15:46,586 [INFO] ThirdParty:839 - exiting critical section [close project]
2022-07-23 01:15:46,592 [INFO] PinOutPanel:1468 - setPackage(No Configuration,No Configuration)
2022-07-23 01:15:46,601 [INFO] UtilMem:74 - Begin LoadConfig() Used Memory: 277600392 Bytes (532676608)
2022-07-23 01:15:48,499 [INFO] MicroXplorer:451 - Change Database Path : 
2022-07-23 01:15:48,499 [INFO] MicroXplorer:481 - Change Database Version : DB.6.0.60
2022-07-23 01:15:48,499 [INFO] OpenFileManager:307 - Change cursor
2022-07-23 01:15:48,559 [INFO] Mcu:1922 - Initializing MCU STM32F103C(8-B)Tx STM32F103C8Tx 
2022-07-23 01:15:48,790 [INFO] ApiDb:576 - Connected to CubeFinder SQLite database (C:\Users\nghia\.stmcufinder\plugins\mcufinder\mcu\cube-finder-db.db)
2022-07-23 01:15:48,851 [INFO] ApiDb:663 - CubeFinder database Data Model version=2.1
2022-07-23 01:15:48,852 [INFO] ApiDb:664 - CubeFinder database Configuration version=3.0.32
2022-07-23 01:15:48,852 [INFO] ApiDb:665 - CubeFinder database generation date=2022-06-13 (1655129059)
2022-07-23 01:15:48,852 [INFO] ApiDb:666 - CubeFinder database FW Pack versions=[STM32Cube_FW_C0_V1.0.0, STM32Cube_FW_F4_V1.27.0, STM32Cube_FW_F7_V1.17.0, STM32Cube_FW_G0_V1.6.0, STM32Cube_FW_G4_V1.5.0, STM32Cube_FW_H7_V1.10.0, STM32Cube_FW_L5_V1.4.0, STM32Cube_FW_U5_V1.1.1, STM32Cube_FW_WB_V1.14.0, STM32Cube_FW_WL_V1.2.0, X-CUBE-ALGOBUILD_V1.3.0, X-CUBE-ALS_V1.0.1, X-CUBE-AZRTOS-F4_V1.0.0, X-CUBE-AZRTOS-F7_V1.0.0, X-CUBE-AZRTOS-G0_V1.0.0, X-CUBE-AZRTOS-G4_V1.0.0, X-CUBE-AZRTOS-H7_V2.1.0, X-CUBE-AZRTOS-L4_V1.0.0, X-CUBE-AZRTOS-L5_V1.0.0, X-CUBE-AZRTOS-WL_V1.0.0, X-CUBE-BLE1_V6.2.3, X-CUBE-BLE2_V3.3.0, X-CUBE-EEPRMA1_V3.1.1, X-CUBE-GNSS1_V6.0.0, X-CUBE-MEMS1_V9.1.0, X-CUBE-NFC4_V2.0.3, X-CUBE-NFC7_V1.0.0, X-CUBE-SFXS2LP1_V3.1.0, X-CUBE-SUBG2_V5.0.0]
2022-07-23 01:15:51,982 [INFO] ApiDb:239 - Found 138 in-development CPN: [B-WB1M-WPAN1, NUCLEO-C031C6, STEVAL-STWINBX1, STM320518-EVAL, STM32C0116-DK, STM32C011D6Y3TR, STM32C011D6Y6TR, STM32C011F4P3, STM32C011F4P6, STM32C011F4U3, STM32C011F4U6TR, STM32C011F6P3, STM32C011F6P6, STM32C011F6U3, STM32C011F6U6TR, STM32C011J4M3, STM32C011J4M6, STM32C011J6M3, STM32C011J6M6, STM32C0316-DK, STM32C031C4T3, STM32C031C4T6, STM32C031C4U3, STM32C031C4U6, STM32C031C6T3, STM32C031C6T6, STM32C031C6U3, STM32C031C6U6, STM32C031F4P3, STM32C031F4P6, STM32C031F6P3, STM32C031F6P6, STM32C031G4U3, STM32C031G4U6, STM32C031G6U3, STM32C031G6U6, STM32C031K4T3, STM32C031K4T6, STM32C031K4U3, STM32C031K4U6, STM32C031K6T3, STM32C031K6T6, STM32C031K6U3, STM32C031K6U6, STM32G071K8TXN, STM32G071K8UXN, STM32G081GBU6N, STM32G081KBT6N, STM32G081KBUXN, STM32G0B1CCT6N, STM32G0B1KCT6, STM32G0B1NEY6TR, STM32G0B1RCT6N, STM32G0C1CCT6, STM32G0C1CCT6N, STM32G0C1CCU6N, STM32G0C1CET6N, STM32G0C1CEU6N, STM32G0C1KCT6, STM32G0C1NEY6TR, STM32G0C1RCI6N, STM32G0C1RCT6N, STM32G0C1REI6N, STM32G0C1RET6N, STM32G0C1VCI6, STM32G0C1VEI6, STM32G471CCT6, STM32G471CCU6, STM32G471CET3, STM32G471CET6, STM32G471CEU3, STM32G471CEU6, STM32G471MCT6, STM32G471MET3, STM32G471MET6, STM32G471MEY6TR, STM32G471QCT6, STM32G471QET3, STM32G471RCT6, STM32G471RET3, STM32G471RET6, STM32G471VCH6, STM32G471VCI6, STM32G471VCT6, STM32G471VEH3, STM32G471VEH6, STM32G471VEI3, STM32G471VEI6, STM32G471VET3, STM32G471VET6, STM32G474CCT6, STM32L476VGY6PTR, STM32L4R5QGI6STR, STM32MP131AAE3, STM32MP131AAF3, STM32MP131AAG3, STM32MP131CAE3, STM32MP131CAF3, STM32MP131CAG3, STM32MP131DAE7, STM32MP131DAF7, STM32MP131DAG7, STM32MP131FAE7, STM32MP131FAF7, STM32MP131FAG7, STM32MP133AAE3, STM32MP133AAF3, STM32MP133AAG3, STM32MP133CAE3, STM32MP133CAF3, STM32MP133CAG3, STM32MP133DAE7, STM32MP133DAF7, STM32MP133DAG7, STM32MP133FAE7, STM32MP133FAF7, STM32MP133FAG7, STM32MP135AAE3, STM32MP135AAF3, STM32MP135AAG3, STM32MP135CAE3, STM32MP135CAF3, STM32MP135CAG3, STM32MP135DAE7, STM32MP135DAF7, STM32MP135DAG7, STM32MP135F-DK, STM32MP135FAE7, STM32MP135FAF7, STM32MP135FAG7, STM32U595ZJT6Q, STM32U599BJY6QTR, STM32U599NIH6Q, STM32U599NJH6Q, STM32U5A5ZJT6Q, STM32U5A9BJY6QTR, STM32U5A9NJH6Q, STM32WB1MMCH6]
2022-07-23 01:15:51,987 [INFO] DbMcus:215 - Found 3542 MCUs, 3542 are supported
2022-07-23 01:15:51,990 [INFO] ApiDb:418 - Load user favorites file C:\Users\nghia/.stm32cubeide/favorites.mcus.txt: 0 item(s)
2022-07-23 01:15:51,991 [INFO] ApiDb:422 - User favorites MCUs=[]
2022-07-23 01:15:51,991 [INFO] DbMcus:221 - Set 0 / 0 favorites MCUs
2022-07-23 01:15:51,991 [INFO] Mcu:1935 - No CPN specified => set CPN to STM32F103C8T6
2022-07-23 01:15:53,590 [INFO] Context:654 - Trying to add GPIOservice into a context  which must be forbidden
2022-07-23 01:15:53,974 [INFO] Rule:225 - rule 117617 - U5Cobra4M][GTZC] default value MPCBB3 and MPCBB5 - Not Secured memory - MPCBB1 is applicable
2022-07-23 01:15:53,975 [INFO] Rule:225 - rule 117617 - U5Cobra4M][GTZC] default value MPCBB3 and MPCBB5 - Not Secured memory - MPCBB1 is applicable
2022-07-23 01:15:53,975 [INFO] Rule:225 - rule 117617 - U5Cobra4M][GTZC] default value MPCBB3 and MPCBB5 - Not Secured memory - MPCBB2 is applicable
2022-07-23 01:15:53,975 [INFO] Rule:225 - rule 117617 - U5Cobra4M][GTZC] default value MPCBB3 and MPCBB5 - Not Secured memory - MPCBB2 is applicable
2022-07-23 01:15:53,976 [INFO] Rule:225 - rule 117617 - U5Cobra4M][GTZC] default value MPCBB3 and MPCBB5 - Not Secured memory - MPCBB3 is applicable
2022-07-23 01:15:53,976 [INFO] Rule:225 - rule 117617 - U5Cobra4M][GTZC] default value MPCBB3 and MPCBB5 - Not Secured memory - MPCBB3 is applicable
2022-07-23 01:15:53,976 [INFO] Rule:225 - rule 117617 - U5Cobra4M][GTZC] default value MPCBB3 and MPCBB5 - Not Secured memory - MPCBB4 is applicable
2022-07-23 01:15:53,976 [INFO] Rule:225 - rule 117617 - U5Cobra4M][GTZC] default value MPCBB3 and MPCBB5 - Not Secured memory - MPCBB4 is applicable
2022-07-23 01:15:53,976 [INFO] Rule:225 - rule 117617 - U5Cobra4M][GTZC] default value MPCBB3 and MPCBB5 - Secured memory - MPCBB1 is applicable
2022-07-23 01:15:53,976 [INFO] Rule:225 - rule 117617 - U5Cobra4M][GTZC] default value MPCBB3 and MPCBB5 - Secured memory - MPCBB2 is applicable
2022-07-23 01:15:53,976 [INFO] Rule:225 - rule 117617 - U5Cobra4M][GTZC] default value MPCBB3 and MPCBB5 - Secured memory - MPCBB3 is applicable
2022-07-23 01:15:53,977 [INFO] Rule:225 - rule 117617 - U5Cobra4M][GTZC] default value MPCBB3 and MPCBB5 - Secured memory - MPCBB4 is applicable
2022-07-23 01:15:53,977 [INFO] Rule:225 - rule 117617 - U5Cobra4M][GTZC] default value MPCBB3 and MPCBB5 - Privileged memory - MPCBB1 is applicable
2022-07-23 01:15:53,977 [INFO] Rule:225 - rule 117617 - U5Cobra4M][GTZC] default value MPCBB3 and MPCBB5 - Privileged memory - MPCBB2 is applicable
2022-07-23 01:15:53,977 [INFO] Rule:225 - rule 117617 - U5Cobra4M][GTZC] default value MPCBB3 and MPCBB5 - Privileged memory - MPCBB3 is applicable
2022-07-23 01:15:53,977 [INFO] Rule:225 - rule 117617 - U5Cobra4M][GTZC] default value MPCBB3 and MPCBB5 - Privileged memory - MPCBB4 is applicable
2022-07-23 01:15:53,977 [INFO] Rule:225 - rule 117617 - U5Cobra4M][GTZC] default value MPCBB3 and MPCBB5 - Not Privileged memory - MPCBB1 is applicable
2022-07-23 01:15:53,977 [INFO] Rule:225 - rule 117617 - U5Cobra4M][GTZC] default value MPCBB3 and MPCBB5 - Not Privileged memory - MPCBB2 is applicable
2022-07-23 01:15:53,978 [INFO] Rule:225 - rule 117617 - U5Cobra4M][GTZC] default value MPCBB3 and MPCBB5 - Not Privileged memory - MPCBB3 is applicable
2022-07-23 01:15:53,978 [INFO] Rule:225 - rule 117617 - U5Cobra4M][GTZC] default value MPCBB3 and MPCBB5 - Not Privileged memory - MPCBB4 is applicable
2022-07-23 01:15:53,978 [INFO] Rule:225 - rule 117617 - U5Cobra4M][GTZC] default value MPCBB3 and MPCBB5 - Privileged memory - MPCBB1 is applicable
2022-07-23 01:15:53,978 [INFO] Rule:225 - rule 117617 - U5Cobra4M][GTZC] default value MPCBB3 and MPCBB5 - Privileged memory - MPCBB2 is applicable
2022-07-23 01:15:53,978 [INFO] Rule:225 - rule 117617 - U5Cobra4M][GTZC] default value MPCBB3 and MPCBB5 - Privileged memory - MPCBB3 is applicable
2022-07-23 01:15:53,978 [INFO] Rule:225 - rule 117617 - U5Cobra4M][GTZC] default value MPCBB3 and MPCBB5 - Privileged memory - MPCBB4 is applicable
2022-07-23 01:15:53,978 [INFO] Rule:225 - rule 117617 - U5Cobra4M][GTZC] default value MPCBB3 and MPCBB5 - Privileged memory - MPCBB1 is applicable
2022-07-23 01:15:53,978 [INFO] Rule:225 - rule 117617 - U5Cobra4M][GTZC] default value MPCBB3 and MPCBB5 - Privileged memory - MPCBB2 is applicable
2022-07-23 01:15:53,978 [INFO] Rule:225 - rule 117617 - U5Cobra4M][GTZC] default value MPCBB3 and MPCBB5 - Privileged memory - MPCBB3 is applicable
2022-07-23 01:15:53,978 [INFO] Rule:225 - rule 117617 - U5Cobra4M][GTZC] default value MPCBB3 and MPCBB5 - Privileged memory - MPCBB4 is applicable
2022-07-23 01:15:53,978 [INFO] Rule:225 - rule 117617 - U5Cobra4M][GTZC] default value MPCBB3 and MPCBB5 - Not Privileged memory - MPCBB1 is applicable
2022-07-23 01:15:53,979 [INFO] Rule:225 - rule 117617 - U5Cobra4M][GTZC] default value MPCBB3 and MPCBB5 - Not Privileged memory - MPCBB2 is applicable
2022-07-23 01:15:53,979 [INFO] Rule:225 - rule 117617 - U5Cobra4M][GTZC] default value MPCBB3 and MPCBB5 - Not Privileged memory - MPCBB3 is applicable
2022-07-23 01:15:53,979 [INFO] Rule:225 - rule 117617 - U5Cobra4M][GTZC] default value MPCBB3 and MPCBB5 - Not Privileged memory - MPCBB4 is applicable
2022-07-23 01:15:53,979 [INFO] Rule:225 - rule 117617 - U5Cobra4M][GTZC] default value MPCBB3 and MPCBB5 - Privileged memory - MPCBB1 is applicable
2022-07-23 01:15:53,979 [INFO] Rule:225 - rule 117617 - U5Cobra4M][GTZC] default value MPCBB3 and MPCBB5 - Privileged memory - MPCBB2 is applicable
2022-07-23 01:15:53,979 [INFO] Rule:225 - rule 117617 - U5Cobra4M][GTZC] default value MPCBB3 and MPCBB5 - Privileged memory - MPCBB3 is applicable
2022-07-23 01:15:53,980 [INFO] Rule:225 - rule 117617 - U5Cobra4M][GTZC] default value MPCBB3 and MPCBB5 - Privileged memory - MPCBB4 is applicable
2022-07-23 01:15:53,981 [INFO] Rule:225 - rule change FDCAN default value is applicable
2022-07-23 01:15:53,982 [INFO] DbConfProperties:305 - Apply Compatibility (1/37 Rules)
2022-07-23 01:15:54,144 [WARN] ApiManager:308 - Cannot register API 'Board Extension:GNSS1A1' from pack STMicroelectronics.X-CUBE-GNSS1.6.0.0: no header file found
2022-07-23 01:15:54,144 [WARN] ApiManager:308 - Cannot register API 'Board Support:Custom' from pack STMicroelectronics.X-CUBE-GNSS1.6.0.0: no header file found
2022-07-23 01:15:54,145 [WARN] ApiManager:308 - Cannot register API 'Data Exchange:lib_gnss' from pack STMicroelectronics.X-CUBE-GNSS1.6.0.0: no header file found
2022-07-23 01:15:54,334 [WARN] ApiManager:308 - Cannot register API 'Board Extension:IKS01A3' from pack STMicroelectronics.X-CUBE-MEMS1.9.2.0: no header file found
2022-07-23 01:15:54,335 [WARN] ApiManager:308 - Cannot register API 'Board Extension:IKS01A2' from pack STMicroelectronics.X-CUBE-MEMS1.9.2.0: no header file found
2022-07-23 01:15:54,335 [WARN] ApiManager:308 - Cannot register API 'Board Extension:IKS02A1' from pack STMicroelectronics.X-CUBE-MEMS1.9.2.0: no header file found
2022-07-23 01:15:54,371 [WARN] ApiManager:308 - Cannot register API 'Wireless:BlueNRG-MS' from pack STMicroelectronics.X-CUBE-BLE1.6.2.3: no header file found
2022-07-23 01:15:54,375 [INFO] RtosManager:488 - Registered RTOS mode: class=CMSIS, group=RTOS, mode=CMSIS_V1, owner=FREERTOS
2022-07-23 01:15:54,376 [INFO] RtosManager:488 - Registered RTOS mode: class=CMSIS, group=RTOS2, mode=CMSIS_V2, owner=FREERTOS
2022-07-23 01:15:54,376 [INFO] RtosManager:488 - Registered RTOS mode: class=RTOS, group=Core, mode=CMSIS_V1, owner=FREERTOS
2022-07-23 01:15:54,377 [INFO] RtosManager:488 - Registered RTOS mode: class=RTOS, group=Core, mode=CMSIS_V2, owner=FREERTOS
2022-07-23 01:15:54,377 [WARN] ModelIntegratedComponent:185 - Missing modes for component STMicroelectronics:FreeRTOS:0.0.1:STMicroelectronics:RTOS:FreeRTOS:Core:::10.2.0:
2022-07-23 01:15:54,385 [WARN] ApiManager:308 - Cannot register API 'Board Extension:S2868A1' from pack STMicroelectronics.X-CUBE-SUBG2.5.0.0: no header file found
2022-07-23 01:15:54,385 [WARN] ApiManager:308 - Cannot register API 'Board Extension:S2868A2' from pack STMicroelectronics.X-CUBE-SUBG2.5.0.0: no header file found
2022-07-23 01:15:54,385 [WARN] ApiManager:308 - Cannot register API 'Board Extension:S2915A1' from pack STMicroelectronics.X-CUBE-SUBG2.5.0.0: no header file found
2022-07-23 01:15:54,423 [WARN] ApiManager:308 - Cannot register API 'Board Extension:NFC04A1' from pack STMicroelectronics.X-CUBE-NFC4.2.0.4: no header file found
2022-07-23 01:15:54,441 [WARN] ModelIntegratedComponent:64 - No mode defined for component null
2022-07-23 01:15:54,441 [WARN] ModelIntegratedComponent:64 - No mode defined for component null
2022-07-23 01:15:54,442 [WARN] ModelIntegratedComponent:64 - No mode defined for component null
2022-07-23 01:15:54,442 [WARN] ModelIntegratedComponent:64 - No mode defined for component null
2022-07-23 01:15:54,442 [WARN] ModelIntegratedComponent:64 - No mode defined for component null
2022-07-23 01:15:54,443 [WARN] ModelIntegratedComponent:64 - No mode defined for component null
2022-07-23 01:15:54,443 [WARN] ModelIntegratedComponent:64 - No mode defined for component null
2022-07-23 01:15:54,443 [WARN] ModelIntegratedComponent:64 - No mode defined for component null
2022-07-23 01:15:54,443 [WARN] ModelIntegratedComponent:64 - No mode defined for component null
2022-07-23 01:15:54,443 [WARN] ModelIntegratedComponent:64 - No mode defined for component null
2022-07-23 01:15:54,443 [WARN] ModelIntegratedComponent:64 - No mode defined for component null
2022-07-23 01:15:54,444 [WARN] ModelIntegratedComponent:64 - No mode defined for component null
2022-07-23 01:15:54,444 [WARN] ModelIntegratedComponent:64 - No mode defined for component null
2022-07-23 01:15:54,444 [WARN] ModelIntegratedComponent:64 - No mode defined for component null
2022-07-23 01:15:54,444 [WARN] ModelIntegratedComponent:64 - No mode defined for component null
2022-07-23 01:15:54,444 [WARN] ModelIntegratedComponent:64 - No mode defined for component null
2022-07-23 01:15:54,445 [WARN] ModelIntegratedComponent:64 - No mode defined for component null
2022-07-23 01:15:54,445 [WARN] ModelIntegratedComponent:64 - No mode defined for component null
2022-07-23 01:15:54,445 [WARN] ModelIntegratedComponent:64 - No mode defined for component null
2022-07-23 01:15:54,445 [WARN] ModelIntegratedComponent:64 - No mode defined for component null
2022-07-23 01:15:54,445 [WARN] ModelIntegratedComponent:64 - No mode defined for component null
2022-07-23 01:15:54,445 [WARN] ModelIntegratedComponent:64 - No mode defined for component null
2022-07-23 01:15:54,445 [WARN] ModelIntegratedComponent:64 - No mode defined for component null
2022-07-23 01:15:54,445 [WARN] ModelIntegratedComponent:64 - No mode defined for component null
2022-07-23 01:15:54,446 [WARN] ModelIntegratedComponent:64 - No mode defined for component null
2022-07-23 01:15:54,446 [WARN] ModelIntegratedComponent:64 - No mode defined for component null
2022-07-23 01:15:54,446 [WARN] ModelIntegratedComponent:64 - No mode defined for component null
2022-07-23 01:15:54,446 [WARN] ModelIntegratedComponent:64 - No mode defined for component null
2022-07-23 01:15:54,446 [WARN] ModelIntegratedComponent:64 - No mode defined for component null
2022-07-23 01:15:54,446 [WARN] ModelIntegratedComponent:64 - No mode defined for component null
2022-07-23 01:15:54,446 [WARN] ModelIntegratedComponent:64 - No mode defined for component null
2022-07-23 01:15:54,447 [WARN] ModelIntegratedComponent:64 - No mode defined for component null
2022-07-23 01:15:54,447 [WARN] ModelIntegratedComponent:64 - No mode defined for component null
2022-07-23 01:15:54,452 [WARN] ApiManager:308 - Cannot register API 'Board Extension:NFC07A1' from pack STMicroelectronics.X-CUBE-NFC7.1.0.0: no header file found
2022-07-23 01:15:54,461 [WARN] ApiManager:308 - Cannot register API 'Board Extension:EEPRMA1' from pack STMicroelectronics.X-CUBE-EEPRMA1.3.1.1: no header file found
2022-07-23 01:15:54,462 [WARN] ApiManager:308 - Cannot register API 'Board Extension:EEPRMA2' from pack STMicroelectronics.X-CUBE-EEPRMA1.3.1.1: no header file found
2022-07-23 01:15:54,464 [WARN] ApiManager:308 - Cannot register API 'Board Extension:S2868A1' from pack STMicroelectronics.X-CUBE-SFXS2LP1.4.0.0: no header file found
2022-07-23 01:15:54,465 [WARN] ApiManager:308 - Cannot register API 'Board Extension:S2868A2' from pack STMicroelectronics.X-CUBE-SFXS2LP1.4.0.0: no header file found
2022-07-23 01:15:54,465 [WARN] ApiManager:308 - Cannot register API 'Board Extension:S2915A1' from pack STMicroelectronics.X-CUBE-SFXS2LP1.4.0.0: no header file found
2022-07-23 01:15:54,467 [WARN] ApiManager:308 - Cannot register API 'Wireless:BlueNRG-2' from pack STMicroelectronics.X-CUBE-BLE2.3.3.0: no header file found
2022-07-23 01:15:54,482 [INFO] ThirdPartyModel:289 - Start build external matchings
2022-07-23 01:15:54,737 [INFO] ThirdPartyModel:302 - End build external matchings
2022-07-23 01:15:54,759 [INFO] ImportTextPane:193 - (OptionalMessage_ERROR) IP (RCC) : Invalid parameter (FamilyName)
2022-07-23 01:15:55,183 [INFO] UtilMem:74 - End LoadConfig() Used Memory: 175301304 Bytes (532676608)
2022-07-23 01:15:55,288 [WARN] ThirdParty:789 - waiting for thirdparty lock release [change project]
2022-07-23 01:15:55,289 [INFO] ThirdParty:791 - entering critical section [change project]
2022-07-23 01:15:55,289 [INFO] ThirdParty:981 - CMSIS Pack Vendor :RoweBots I-CUBE-UNISONRTOS 5.5.0-4
2022-07-23 01:15:55,290 [INFO] ThirdParty:981 - CMSIS Pack Vendor :STMicroelectronics X-CUBE-GNSS1 6.0.0
2022-07-23 01:15:55,290 [INFO] ThirdParty:981 - CMSIS Pack Vendor :STMicroelectronics X-CUBE-AZRTOS-H7 2.1.0
2022-07-23 01:15:55,290 [INFO] ThirdParty:981 - CMSIS Pack Vendor :STMicroelectronics USB_HOST 2.0.0
2022-07-23 01:15:55,290 [INFO] ThirdParty:981 - CMSIS Pack Vendor :STMicroelectronics LIBJPEG 8.0.0
2022-07-23 01:15:55,291 [INFO] ThirdParty:981 - CMSIS Pack Vendor :STMicroelectronics USB_DEVICE 3.0.0
2022-07-23 01:15:55,292 [INFO] ThirdParty:981 - CMSIS Pack Vendor :STMicroelectronics X-CUBE-BLEMGR 1.0.0
2022-07-23 01:15:55,292 [INFO] ThirdParty:981 - CMSIS Pack Vendor :STMicroelectronics X-CUBE-MEMS1 9.2.0
2022-07-23 01:15:55,292 [INFO] ThirdParty:981 - CMSIS Pack Vendor :STMicroelectronics X-CUBE-AZRTOS-F7 1.1.0
2022-07-23 01:15:55,292 [INFO] ThirdParty:981 - CMSIS Pack Vendor :STMicroelectronics USB_DEVICE 2.0.0
2022-07-23 01:15:55,292 [INFO] ThirdParty:981 - CMSIS Pack Vendor :STMicroelectronics X-CUBE-BLE1 6.2.3
2022-07-23 01:15:55,292 [INFO] ThirdParty:981 - CMSIS Pack Vendor :STMicroelectronics X-CUBE-ALGOBUILD 1.3.0
2022-07-23 01:15:55,293 [INFO] ThirdParty:981 - CMSIS Pack Vendor :STMicroelectronics FreeRTOS 0.0.1
2022-07-23 01:15:55,293 [INFO] ThirdParty:981 - CMSIS Pack Vendor :STMicroelectronics X-CUBE-AZRTOS-G0 1.1.0
2022-07-23 01:15:55,293 [INFO] ThirdParty:981 - CMSIS Pack Vendor :STMicroelectronics X-CUBE-SUBG2 5.0.0
2022-07-23 01:15:55,293 [INFO] ThirdParty:981 - CMSIS Pack Vendor :SEGGER I-CUBE-embOS 1.2.0
2022-07-23 01:15:55,293 [INFO] ThirdParty:981 - CMSIS Pack Vendor :STMicroelectronics STM32_WPAN 1.0.0
2022-07-23 01:15:55,293 [INFO] ThirdParty:981 - CMSIS Pack Vendor :STMicroelectronics lwIP 2.0.3
2022-07-23 01:15:55,293 [INFO] ThirdParty:981 - CMSIS Pack Vendor :STMicroelectronics X-CUBE-NFC4 2.0.4
2022-07-23 01:15:55,294 [INFO] ThirdParty:981 - CMSIS Pack Vendor :STMicroelectronics USB_HOST 1.0.0
2022-07-23 01:15:55,294 [INFO] ThirdParty:981 - CMSIS Pack Vendor :STMicroelectronics PDM2PCM 3.1.0
2022-07-23 01:15:55,294 [INFO] ThirdParty:981 - CMSIS Pack Vendor :STMicroelectronics PDM2PCM 3.3.0
2022-07-23 01:15:55,294 [INFO] ThirdParty:981 - CMSIS Pack Vendor :STMicroelectronics X-CUBE-TOF1 3.1.0
2022-07-23 01:15:55,294 [INFO] ThirdParty:981 - CMSIS Pack Vendor :STMicroelectronics FP-ATR-ASTRA1 1.1.0
2022-07-23 01:15:55,294 [INFO] ThirdParty:981 - CMSIS Pack Vendor :STMicroelectronics X-CUBE-AZRTOS-F4 1.0.0
2022-07-23 01:15:55,294 [INFO] ThirdParty:981 - CMSIS Pack Vendor :STMicroelectronics X-CUBE-AZRTOS-G4 1.0.0
2022-07-23 01:15:55,294 [INFO] ThirdParty:981 - CMSIS Pack Vendor :wolfSSL I-CUBE-wolfSSL 5.3.0
2022-07-23 01:15:55,295 [INFO] ThirdParty:981 - CMSIS Pack Vendor :STMicroelectronics X-CUBE-AZRTOS-L4 1.0.0
2022-07-23 01:15:55,295 [INFO] ThirdParty:981 - CMSIS Pack Vendor :STMicroelectronics HAL Drivers 0.0.0
2022-07-23 01:15:55,295 [INFO] ThirdParty:981 - CMSIS Pack Vendor :STMicroelectronics MBEDTLS 2.16.2
2022-07-23 01:15:55,295 [INFO] ThirdParty:981 - CMSIS Pack Vendor :emotas I-CUBE-CANOPEN 1.1.2
2022-07-23 01:15:55,295 [INFO] ThirdParty:981 - CMSIS Pack Vendor :STMicroelectronics X-CUBE-TOUCHGFX 4.20.0
2022-07-23 01:15:55,295 [INFO] ThirdParty:981 - CMSIS Pack Vendor :STMicroelectronics MBEDTLS 2.14.1
2022-07-23 01:15:55,295 [INFO] ThirdParty:981 - CMSIS Pack Vendor :STMicroelectronics X-CUBE-NFC7 1.0.0
2022-07-23 01:15:55,295 [INFO] ThirdParty:981 - CMSIS Pack Vendor :STMicroelectronics X-CUBE-AZRTOS-F7 1.0.0
2022-07-23 01:15:55,296 [INFO] ThirdParty:981 - CMSIS Pack Vendor :STMicroelectronics X-CUBE-AZRTOS-WL 1.0.0
2022-07-23 01:15:55,297 [INFO] ThirdParty:981 - CMSIS Pack Vendor :portGmbH I-Cube-SoM-uGOAL 1.1.0
2022-07-23 01:15:55,297 [INFO] ThirdParty:981 - CMSIS Pack Vendor :STMicroelectronics X-CUBE-ALS 1.0.1
2022-07-23 01:15:55,302 [INFO] ThirdParty:981 - CMSIS Pack Vendor :STMicroelectronics X-CUBE-AI 7.2.0
2022-07-23 01:15:55,302 [INFO] ThirdParty:981 - CMSIS Pack Vendor :STMicroelectronics ThreadX 1.0.0
2022-07-23 01:15:55,302 [INFO] ThirdParty:981 - CMSIS Pack Vendor :STMicroelectronics X-CUBE-AZRTOS-L5 1.0.0
2022-07-23 01:15:55,303 [INFO] ThirdParty:981 - CMSIS Pack Vendor :STMicroelectronics USB_DEVICE 1.0.0
2022-07-23 01:15:55,303 [INFO] ThirdParty:981 - CMSIS Pack Vendor :STMicroelectronics X-CUBE-EEPRMA1 3.1.1
2022-07-23 01:15:55,303 [INFO] ThirdParty:981 - CMSIS Pack Vendor :STMicroelectronics ThreadX 0.0.2
2022-07-23 01:15:55,303 [INFO] ThirdParty:981 - CMSIS Pack Vendor :STMicroelectronics lwIP 2.1.2
2022-07-23 01:15:55,303 [INFO] ThirdParty:981 - CMSIS Pack Vendor :STMicroelectronics X-CUBE-SFXS2LP1 4.0.0
2022-07-23 01:15:55,303 [INFO] ThirdParty:981 - CMSIS Pack Vendor :STMicroelectronics X-CUBE-BLE2 3.3.0
2022-07-23 01:15:55,303 [INFO] ThirdParty:981 - CMSIS Pack Vendor :STMicroelectronics X-CUBE-DISPLAY 2.2.0
2022-07-23 01:15:55,303 [INFO] ThirdParty:981 - CMSIS Pack Vendor :STMicroelectronics PDM2PCM 3.2.0
2022-07-23 01:15:55,304 [INFO] ThirdParty:797 - exiting critical section [change project]
2022-07-23 01:15:55,965 [INFO] PinOutPanel:1468 - setPackage(No Configuration,No Configuration)
2022-07-23 01:15:55,967 [INFO] PinOutPanel:1468 - setPackage(STM32F103C8Tx,LQFP48)
2022-07-23 01:15:57,186 [INFO] UtilMem:74 - Before build in PCC Used Memory: 207237088 Bytes (532676608)
2022-07-23 01:15:59,073 [INFO] UtilMem:74 - After build in PCC Used Memory: 374200520 Bytes (532676608)
2022-07-23 01:15:59,127 [INFO] IPUIPlugin:79 - create IPUIPlugin
2022-07-23 01:15:59,127 [INFO] IPUIPlugin:79 - create IPUIPlugin
2022-07-23 01:15:59,127 [INFO] IPUIPlugin:79 - create IPUIPlugin
2022-07-23 01:15:59,128 [INFO] IPUIPlugin:79 - create IPUIPlugin
2022-07-23 01:15:59,128 [INFO] IPUIPlugin:79 - create IPUIPlugin
2022-07-23 01:15:59,128 [INFO] IPUIPlugin:79 - create IPUIPlugin
2022-07-23 01:15:59,129 [INFO] IPUIPlugin:79 - create IPUIPlugin
2022-07-23 01:15:59,129 [INFO] IPUIPlugin:79 - create IPUIPlugin
2022-07-23 01:15:59,129 [INFO] IPUIPlugin:79 - create IPUIPlugin
2022-07-23 01:15:59,129 [INFO] IPUIPlugin:79 - create IPUIPlugin
2022-07-23 01:15:59,130 [INFO] IPUIPlugin:79 - create IPUIPlugin
2022-07-23 01:15:59,130 [INFO] IPUIPlugin:79 - create IPUIPlugin
2022-07-23 01:15:59,131 [INFO] IPUIPlugin:79 - create IPUIPlugin
2022-07-23 01:15:59,132 [INFO] IPUIPlugin:79 - create IPUIPlugin
2022-07-23 01:15:59,132 [INFO] IPUIPlugin:79 - create IPUIPlugin
2022-07-23 01:15:59,133 [INFO] IPUIPlugin:79 - create IPUIPlugin
2022-07-23 01:15:59,133 [INFO] IPUIPlugin:79 - create IPUIPlugin
2022-07-23 01:15:59,134 [INFO] IPUIPlugin:79 - create IPUIPlugin
2022-07-23 01:15:59,134 [INFO] IPUIPlugin:79 - create IPUIPlugin
2022-07-23 01:15:59,134 [INFO] IPUIPlugin:79 - create IPUIPlugin
2022-07-23 01:15:59,135 [INFO] IPUIPlugin:79 - create IPUIPlugin
2022-07-23 01:15:59,135 [INFO] IPUIPlugin:79 - create IPUIPlugin
2022-07-23 01:15:59,136 [INFO] IPUIPlugin:79 - create IPUIPlugin
2022-07-23 01:15:59,136 [INFO] IPUIPlugin:79 - create IPUIPlugin
2022-07-23 01:15:59,137 [INFO] IPUIPlugin:79 - create IPUIPlugin
2022-07-23 01:15:59,137 [INFO] IPUIPlugin:79 - create IPUIPlugin
2022-07-23 01:15:59,138 [INFO] IPUIPlugin:79 - create IPUIPlugin
2022-07-23 01:15:59,589 [INFO] OpenFileManager:327 - Restore cursor
2022-07-23 01:16:30,635 [INFO] UtilMem:74 - End SaveConfig() Used Memory: 291281416 Bytes (535822336)
2022-07-23 01:16:32,122 [INFO] UtilMem:74 - End SaveConfig() Used Memory: 305439240 Bytes (535822336)
2022-07-23 01:16:33,599 [INFO] UtilMem:74 - End SaveConfig() Used Memory: 367827464 Bytes (535822336)
2022-07-23 01:16:34,848 [INFO] BlockDiagram:2753 - set Specific Code input for plugin: NVIC
2022-07-23 01:16:34,848 [INFO] BlockDiagram:2753 - set Specific Code input for plugin: SYS
2022-07-23 01:16:34,848 [INFO] BlockDiagram:2753 - set Specific Code input for plugin: GPIO
2022-07-23 01:16:34,849 [INFO] BlockDiagram:2753 - set Specific Code input for plugin: RCC
2022-07-23 01:16:34,850 [INFO] CodeGenerator:690 - code generatio: config db path: C:\ST\STM32CubeIDE_1.10.1\STM32CubeIDE\plugins\com.st.stm32cube.common.mx_6.6.1.202207061420\\db\
2022-07-23 01:16:35,648 [INFO] CodeEngine:245 - oldGeneratedFile, D:\MCU\STM32F103_Project\DCMotorLqr\MXTmpFiles\license.tmp_save
2022-07-23 01:16:36,389 [INFO] CodeEngine:269 - Generated code: D:\MCU\STM32F103_Project\DCMotorLqr\MXTmpFiles\license.tmp
2022-07-23 01:16:36,546 [INFO] CodeEngine:245 - oldGeneratedFile, D:\MCU\STM32F103_Project\DCMotorLqr\MXTmpFiles\gpio.tmp_save
2022-07-23 01:16:36,855 [INFO] CodeEngine:269 - Generated code: D:\MCU\STM32F103_Project\DCMotorLqr\MXTmpFiles\gpio.tmp
2022-07-23 01:16:36,938 [INFO] CodeEngine:245 - oldGeneratedFile, D:\MCU\STM32F103_Project\DCMotorLqr\Core\Src\stm32f1xx_it.c_save
2022-07-23 01:16:37,278 [INFO] CodeEngine:269 - Generated code: D:\MCU\STM32F103_Project\DCMotorLqr\Core\Src\stm32f1xx_it.c
2022-07-23 01:16:37,295 [INFO] CodeEngine:245 - oldGeneratedFile, D:\MCU\STM32F103_Project\DCMotorLqr\Core\Inc\stm32f1xx_it.h_save
2022-07-23 01:16:37,460 [INFO] CodeEngine:269 - Generated code: D:\MCU\STM32F103_Project\DCMotorLqr\Core\Inc\stm32f1xx_it.h
2022-07-23 01:16:37,503 [INFO] CodeEngine:245 - oldGeneratedFile, D:\MCU\STM32F103_Project\DCMotorLqr\Core\Src\stm32f1xx_hal_msp.c_save
2022-07-23 01:16:37,772 [INFO] CodeEngine:269 - Generated code: D:\MCU\STM32F103_Project\DCMotorLqr\Core\Src\stm32f1xx_hal_msp.c
2022-07-23 01:16:37,789 [INFO] CodeEngine:245 - oldGeneratedFile, D:\MCU\STM32F103_Project\DCMotorLqr\MXTmpFiles\system.tmp_save
2022-07-23 01:16:37,915 [INFO] CodeEngine:269 - Generated code: D:\MCU\STM32F103_Project\DCMotorLqr\MXTmpFiles\system.tmp
2022-07-23 01:16:37,935 [INFO] CodeEngine:245 - oldGeneratedFile, D:\MCU\STM32F103_Project\DCMotorLqr\Core\Src\stm32f1xx_hal_timebase_tim.c_save
2022-07-23 01:16:38,134 [INFO] CodeEngine:269 - Generated code: D:\MCU\STM32F103_Project\DCMotorLqr\Core\Src\stm32f1xx_hal_timebase_tim.c
2022-07-23 01:16:38,178 [INFO] CodeEngine:245 - oldGeneratedFile, D:\MCU\STM32F103_Project\DCMotorLqr\Core\Inc\stm32f1xx_hal_conf.h_save
2022-07-23 01:16:38,627 [INFO] CodeEngine:269 - Generated code: D:\MCU\STM32F103_Project\DCMotorLqr\Core\Inc\stm32f1xx_hal_conf.h
2022-07-23 01:16:38,726 [INFO] CodeEngine:245 - oldGeneratedFile, D:\MCU\STM32F103_Project\DCMotorLqr\Core\Inc\main.h_save
2022-07-23 01:16:38,926 [INFO] CodeEngine:269 - Generated code: D:\MCU\STM32F103_Project\DCMotorLqr\Core\Inc\main.h
2022-07-23 01:16:38,950 [INFO] CodeEngine:245 - oldGeneratedFile, D:\MCU\STM32F103_Project\DCMotorLqr\Core\Src\main.c_save
2022-07-23 01:16:39,278 [INFO] CodeEngine:269 - Generated code: D:\MCU\STM32F103_Project\DCMotorLqr\Core\Src\main.c
2022-07-23 01:16:40,903 [INFO] ProjectBuilder:2919 - Time for Copy HAL[1] : 390mS.
2022-07-23 01:16:40,922 [INFO] ProjectBuilder:4117 - Project Generator version: 3.17.1
2022-07-23 01:16:41,764 [INFO] ConfigFileManager:1394 - The Die is : DIE410
2022-07-23 01:16:41,796 [INFO] ApiDbMcu:505 - Load IP Config File for FATFS
2022-07-23 01:16:41,854 [INFO] ApiDbMcu:505 - Load IP Config File for FREERTOS
2022-07-23 01:16:41,876 [INFO] ApiDbMcu:505 - Load IP Config File for USB_DEVICE
2022-07-23 01:16:46,890 [INFO] ProjectBuilder:4285 - Time for Generating toolchain IDE Files: 5968mS.
2022-07-23 01:16:46,892 [INFO] ProjectBuilder:2790 - Time for Copy CMSIS : 1mS.
2022-07-23 01:16:46,894 [INFO] ProjectBuilder:2790 - Time for Copy CMSIS : 0mS.
2022-07-23 14:23:58,975 [INFO] Activator:177 - 


2022-07-23 14:23:58,991 [INFO] Activator:178 - !SESSION log4j initialized
2022-07-23 14:24:45,758 [ERROR] LogOutputStream:74 - [STDERR_REDIRECT] SLF4J: Failed to load class "org.slf4j.impl.StaticLoggerBinder".
2022-07-23 14:24:45,759 [ERROR] LogOutputStream:74 - [STDERR_REDIRECT] SLF4J: Defaulting to no-operation (NOP) logger implementation
2022-07-23 14:24:45,762 [ERROR] LogOutputStream:74 - [STDERR_REDIRECT] SLF4J: See http://www.slf4j.org/codes.html#StaticLoggerBinder for further details.
2022-07-23 22:18:15,133 [INFO] Activator:177 - 


2022-07-23 22:18:15,137 [INFO] Activator:178 - !SESSION log4j initialized
2022-07-23 22:19:02,890 [ERROR] LogOutputStream:74 - [STDERR_REDIRECT] SLF4J: Failed to load class "org.slf4j.impl.StaticLoggerBinder".
2022-07-23 22:19:02,892 [ERROR] LogOutputStream:74 - [STDERR_REDIRECT] SLF4J: Defaulting to no-operation (NOP) logger implementation
2022-07-23 22:19:02,906 [ERROR] LogOutputStream:74 - [STDERR_REDIRECT] SLF4J: See http://www.slf4j.org/codes.html#StaticLoggerBinder for further details.
